<?xml version="1.0" encoding="UTF-8"?>
<!-- Generated by org.testng.reporters.JUnitReportReporter -->
<testsuite hostname="DESKTOP-UH2GJC7" failures="0" tests="5" name="com.codingiri.TestNG_Test.Before_And_After_suite_Annotations" time="0.082" errors="0" timestamp="07 Jul 2021 18:44:56 GMT" skipped="0">
  <testcase classname="com.codingiri.TestNG_Test.Before_And_After_suite_Annotations" name="Test3" time="0.011"/>
  <testcase classname="com.codingiri.TestNG_Test.Before_And_After_suite_Annotations" name="Test4" time="0.008"/>
  <testcase classname="com.codingiri.TestNG_Test.Before_And_After_suite_Annotations" name="Test5" time="0.014"/>
  <testcase classname="com.codingiri.TestNG_Test.Before_And_After_suite_Annotations" name="Test2" time="0.019"/>
  <testcase classname="com.codingiri.TestNG_Test.Before_And_After_suite_Annotations" name="Test1" time="0.030"/>
</testsuite> <!-- com.codingiri.TestNG_Test.Before_And_After_suite_Annotations -->
